<?xml version="1.0" encoding="UTF-8"?>
<!-- Generated by org.testng.reporters.JUnitXMLReporter -->
<testsuite ignored="0" hostname="LAPTOP-VKT3PE38" failures="1" tests="1" name="Test" time="0.087" errors="0" timestamp="2023-01-24T20:33:15 IST">
  <testcase classname="launchBrowser.Browserinstanse" name="multileinstanse" time="0.054">
    <failure type="java.lang.IllegalStateException" message="The path to the driver executable The path to the driver executable must be set by the webdriver.chrome.driver system property; for more information, see https://github.com/SeleniumHQ/selenium/wiki/ChromeDriver. The latest version can be downloaded from https://chromedriver.storage.googleapis.com/index.html">
      <![CDATA[java.lang.IllegalStateException: The path to the driver executable The path to the driver executable must be set by the webdriver.chrome.driver system property; for more information, see https://github.com/SeleniumHQ/selenium/wiki/ChromeDriver. The latest version can be downloaded from https://chromedriver.storage.googleapis.com/index.html
at org.openqa.selenium.internal.Require$StateChecker.nonNull(Require.java:280)
at org.openqa.selenium.remote.service.DriverService.findExecutable(DriverService.java:132)
at org.openqa.selenium.chrome.ChromeDriverService.access$000(ChromeDriverService.java:38)
at org.openqa.selenium.chrome.ChromeDriverService$Builder.findDefaultExecutable(ChromeDriverService.java:231)
at org.openqa.selenium.remote.service.DriverService$Builder.build(DriverService.java:434)
at org.openqa.selenium.chrome.ChromeDriverService.createServiceWithConfig(ChromeDriverService.java:141)
at org.openqa.selenium.chrome.ChromeDriver.<init>(ChromeDriver.java:80)
at selenium.factory.DefaultLocalDriverProvider.lambda$new$0(DefaultLocalDriverProvider.java:24)
at selenium.factory.DefaultLocalDriverProvider.createDriver(DefaultLocalDriverProvider.java:54)
at selenium.factory.AbstractWebDriverPool.newDriver(AbstractWebDriverPool.java:20)
at selenium.factory.ThreadLocalSingleWebDriverPool.createNewDriver(ThreadLocalSingleWebDriverPool.java:105)
at selenium.factory.ThreadLocalSingleWebDriverPool.getDriver(ThreadLocalSingleWebDriverPool.java:27)
at selenium.factory.WebDriverPool.getDriver(WebDriverPool.java:53)
at launchBrowser.Browserinstanse.multileinstanse(Browserinstanse.java:16)
at java.base/java.util.ArrayList.forEach(ArrayList.java:1507)
... Removed 27 stack frames]]>
    </failure>
  </testcase> <!-- multileinstanse -->
</testsuite> <!-- Test -->
